2022-04-01T02:17:06.280Z - info: Initialization success.
2022-04-01T06:33:54.182Z - info: Changes detected in MarkBind Vue Source Files: 
Bundle is regenerated by webpack and built pages are re-rendered with the latest bundle.
2022-04-01T06:33:54.250Z - info: Website generation started at 2:33:54 PM
2022-04-01T06:33:54.309Z - info: Building assets...
2022-04-01T06:33:54.354Z - info: Assets built
2022-04-01T06:33:54.355Z - info: Generating pages...
2022-04-01T06:33:54.513Z - info: Pages built
2022-04-01T06:33:55.833Z - info: Site data built
2022-04-01T06:33:55.834Z - info: Website generation complete! Total build time: 1.596s
2022-04-01T06:33:55.852Z - info: Serving "/Users/jovyntan/Desktop/personal/sample-mb/_site" at http://127.0.0.1:8080
2022-04-01T06:33:55.853Z - info: Press CTRL+C to stop ...
2022-04-01T06:34:51.330Z - info: [2:34:51 PM] Reload for file change: /Users/jovyntan/Desktop/personal/sample-mb/index.md
2022-04-01T06:34:52.333Z - info: Rebuilding 1 pages
2022-04-01T06:34:52.371Z - info: Site data built
2022-04-01T06:34:52.371Z - info: Pages rebuilt
2022-04-01T06:34:52.371Z - info: Website regeneration complete! Total build time: 0.039s
2022-04-01T07:06:43.565Z - info: [3:06:43 PM] Reload for file change: /Users/jovyntan/Desktop/personal/sample-mb/stylesheets/main.css
2022-04-01T07:06:44.574Z - info: Assets built
2022-04-01T07:09:52.662Z - info: [3:09:52 PM] Reload for file change: /Users/jovyntan/Desktop/personal/sample-mb/stylesheets/main.css
2022-04-01T07:09:53.671Z - info: Assets built
2022-04-01T07:11:09.208Z - info: [3:11:09 PM] Reload for file change: /Users/jovyntan/Desktop/personal/sample-mb/stylesheets/main.css
2022-04-01T07:11:10.215Z - info: Assets built
2022-04-01T07:17:10.630Z - info: [3:17:10 PM] Reload for file change: /Users/jovyntan/Desktop/personal/sample-mb/index.md
2022-04-01T07:17:11.636Z - info: Rebuilding 1 pages
2022-04-01T07:17:11.667Z - info: Site data built
2022-04-01T07:17:11.667Z - info: Pages rebuilt
2022-04-01T07:17:11.667Z - info: Website regeneration complete! Total build time: 0.032s
2022-04-01T08:26:26.251Z - info: Changes detected in MarkBind Vue Source Files: 
Bundle is regenerated by webpack and built pages are re-rendered with the latest bundle.
2022-04-01T08:26:26.364Z - info: Website generation started at 4:26:26 PM
2022-04-01T08:26:26.418Z - info: Building assets...
2022-04-01T08:26:26.459Z - info: Assets built
2022-04-01T08:26:26.459Z - info: Generating pages...
2022-04-01T08:26:26.648Z - info: Pages built
2022-04-01T08:26:27.863Z - info: Site data built
2022-04-01T08:26:27.864Z - info: Website generation complete! Total build time: 1.554s
2022-04-01T08:26:27.884Z - info: Serving "/Users/jovyntan/Desktop/personal/sample-mb/_site" at http://127.0.0.1:8080
2022-04-01T08:26:27.884Z - info: Press CTRL+C to stop ...
2022-04-01T08:27:56.842Z - info: Changes detected in MarkBind Vue Source Files: 
Bundle is regenerated by webpack and built pages are re-rendered with the latest bundle.
2022-04-01T08:27:56.936Z - info: Website generation started at 4:27:56 PM
2022-04-01T08:27:56.981Z - info: Building assets...
2022-04-01T08:27:57.026Z - info: Assets built
2022-04-01T08:27:57.026Z - info: Generating pages...
2022-04-01T08:27:57.194Z - info: Pages built
2022-04-01T08:27:58.457Z - info: Site data built
2022-04-01T08:27:58.458Z - info: Website generation complete! Total build time: 1.563s
2022-04-01T08:27:58.477Z - info: Serving "/Users/jovyntan/Desktop/personal/sample-mb/_site" at http://127.0.0.1:8080
2022-04-01T08:27:58.478Z - info: Press CTRL+C to stop ...
2022-04-01T08:28:04.301Z - info: [4:28:04 PM] Reload for file change: /Users/jovyntan/Desktop/personal/sample-mb/index.md
2022-04-01T08:28:05.305Z - info: Rebuilding 1 pages
2022-04-01T08:28:05.351Z - info: Site data built
2022-04-01T08:28:05.351Z - info: Pages rebuilt
2022-04-01T08:28:05.352Z - info: Website regeneration complete! Total build time: 0.048s
2022-04-01T08:31:22.565Z - info: [4:31:22 PM] Reload for file change: /Users/jovyntan/Desktop/personal/sample-mb/_markbind/layouts/default.md
2022-04-01T08:31:23.586Z - info: Rebuilding 5 pages
2022-04-01T08:31:23.651Z - info: Site data built
2022-04-01T08:31:23.651Z - info: Pages rebuilt
2022-04-01T08:31:23.652Z - info: Website regeneration complete! Total build time: 0.066s
2022-04-01T08:32:01.194Z - info: [4:32:01 PM] Reload for file change: /Users/jovyntan/Desktop/personal/sample-mb/_markbind/layouts/default.md
2022-04-01T08:32:02.209Z - info: Rebuilding 5 pages
2022-04-01T08:32:02.264Z - info: Site data built
2022-04-01T08:32:02.264Z - info: Pages rebuilt
2022-04-01T08:32:02.264Z - info: Website regeneration complete! Total build time: 0.056s
2022-04-01T08:32:16.830Z - info: [4:32:16 PM] Reload for file change: /Users/jovyntan/Desktop/personal/sample-mb/_markbind/layouts/default.md
2022-04-01T08:32:17.847Z - info: Rebuilding 5 pages
2022-04-01T08:32:17.906Z - info: Site data built
2022-04-01T08:32:17.906Z - info: Pages rebuilt
2022-04-01T08:32:17.906Z - info: Website regeneration complete! Total build time: 0.06s
2022-04-01T08:34:01.713Z - info: [4:34:01 PM] Reload for file change: /Users/jovyntan/Desktop/personal/sample-mb/index.md
2022-04-01T08:34:02.717Z - info: Rebuilding 1 pages
2022-04-01T08:34:02.740Z - info: Site data built
2022-04-01T08:34:02.741Z - info: Pages rebuilt
2022-04-01T08:34:02.741Z - info: Website regeneration complete! Total build time: 0.025s
2022-04-01T08:39:41.273Z - info: [4:39:41 PM] Reload for file change: /Users/jovyntan/Desktop/personal/sample-mb/_markbind/layouts/default.md
2022-04-01T08:39:42.291Z - info: Rebuilding 5 pages
2022-04-01T08:39:42.350Z - info: Site data built
2022-04-01T08:39:42.351Z - info: Pages rebuilt
2022-04-01T08:39:42.351Z - info: Website regeneration complete! Total build time: 0.06s
2022-04-01T08:40:13.530Z - info: [4:40:13 PM] Reload for file change: /Users/jovyntan/Desktop/personal/sample-mb/_markbind/layouts/default.md
2022-04-01T08:40:14.544Z - info: Rebuilding 5 pages
2022-04-01T08:40:14.606Z - info: Site data built
2022-04-01T08:40:14.606Z - info: Pages rebuilt
2022-04-01T08:40:14.606Z - info: Website regeneration complete! Total build time: 0.062s
2022-04-01T08:41:58.619Z - info: [4:41:58 PM] Reload for file change: /Users/jovyntan/Desktop/personal/sample-mb/_markbind/layouts/default.md
2022-04-01T08:41:59.633Z - info: Rebuilding 5 pages
2022-04-01T08:41:59.678Z - info: Site data built
2022-04-01T08:41:59.678Z - info: Pages rebuilt
2022-04-01T08:41:59.678Z - info: Website regeneration complete! Total build time: 0.046s
2022-04-01T08:45:55.071Z - info: [4:45:55 PM] Reload for file change: /Users/jovyntan/Desktop/personal/sample-mb/stylesheets/main.css
2022-04-01T08:45:56.079Z - info: Assets built
